app/build/intermediates/manifest_merge_blame_file/debug/manifest-merger-blame-debug-report.txt
1<?xml version="1.0" encoding="utf-8"?>
2<manifest xmlns:android="http://schemas.android.com/apk/res/android"
3    package="com.eventmanager.app"
4    android:versionCode="11"
5    android:versionName="0.9.9.1" >
6
7    <uses-sdk
8        android:minSdkVersion="21"
9        android:targetSdkVersion="34" />
10
11    <uses-permission android:name="android.permission.INTERNET" />
11-->src/main/AndroidManifest.xml:4:5-67
11-->src/main/AndroidManifest.xml:4:22-64
12    <uses-permission android:name="android.permission.ACCESS_NETWORK_STATE" />
12-->src/main/AndroidManifest.xml:5:5-79
12-->src/main/AndroidManifest.xml:5:22-76
13    <uses-permission android:name="android.permission.CAMERA" />
13-->src/main/AndroidManifest.xml:6:5-65
13-->src/main/AndroidManifest.xml:6:22-62
14    <uses-permission android:name="android.permission.NFC" />
14-->src/main/AndroidManifest.xml:7:5-62
14-->src/main/AndroidManifest.xml:7:22-59
15    <uses-permission android:name="android.permission.VIBRATE" />
15-->src/main/AndroidManifest.xml:8:5-66
15-->src/main/AndroidManifest.xml:8:22-63
16    <uses-permission android:name="android.permission.REQUEST_INSTALL_PACKAGES" />
16-->src/main/AndroidManifest.xml:9:5-83
16-->src/main/AndroidManifest.xml:9:22-80
17
18    <uses-feature
18-->src/main/AndroidManifest.xml:10:5-12:36
19        android:name="android.hardware.nfc"
19-->src/main/AndroidManifest.xml:11:9-44
20        android:required="false" />
20-->src/main/AndroidManifest.xml:12:9-33
21    <uses-feature
21-->src/main/AndroidManifest.xml:13:5-15:36
22        android:name="android.hardware.usb.host"
22-->src/main/AndroidManifest.xml:14:9-49
23        android:required="false" />
23-->src/main/AndroidManifest.xml:15:9-33
24    <!-- For Gmail account access -->
25    <uses-permission android:name="android.permission.GET_ACCOUNTS" />
25-->src/main/AndroidManifest.xml:17:5-71
25-->src/main/AndroidManifest.xml:17:22-68
26    <uses-permission android:name="android.permission.WAKE_LOCK" />
26-->[androidx.work:work-runtime:2.9.0] AndroidManifest.xml:23:5-68
26-->[androidx.work:work-runtime:2.9.0] AndroidManifest.xml:23:22-65
27    <uses-permission android:name="android.permission.RECEIVE_BOOT_COMPLETED" />
27-->[androidx.work:work-runtime:2.9.0] AndroidManifest.xml:25:5-81
27-->[androidx.work:work-runtime:2.9.0] AndroidManifest.xml:25:22-78
28    <uses-permission android:name="android.permission.FOREGROUND_SERVICE" />
28-->[androidx.work:work-runtime:2.9.0] AndroidManifest.xml:26:5-77
28-->[androidx.work:work-runtime:2.9.0] AndroidManifest.xml:26:22-74
29
30    <permission
30-->[androidx.core:core:1.13.1] AndroidManifest.xml:22:5-24:47
31        android:name="com.eventmanager.app.DYNAMIC_RECEIVER_NOT_EXPORTED_PERMISSION"
31-->[androidx.core:core:1.13.1] AndroidManifest.xml:23:9-81
32        android:protectionLevel="signature" />
32-->[androidx.core:core:1.13.1] AndroidManifest.xml:24:9-44
33
34    <uses-permission android:name="com.eventmanager.app.DYNAMIC_RECEIVER_NOT_EXPORTED_PERMISSION" /> <!-- Don't require camera, as this requires a rear camera. This allows it to work on the Nexus 7 -->
34-->[androidx.core:core:1.13.1] AndroidManifest.xml:26:5-97
34-->[androidx.core:core:1.13.1] AndroidManifest.xml:26:22-94
35    <uses-feature
35-->[com.journeyapps:zxing-android-embedded:4.3.0] AndroidManifest.xml:25:5-27:36
36        android:name="android.hardware.camera"
36-->[com.journeyapps:zxing-android-embedded:4.3.0] AndroidManifest.xml:26:9-47
37        android:required="false" />
37-->[com.journeyapps:zxing-android-embedded:4.3.0] AndroidManifest.xml:27:9-33
38    <uses-feature
38-->[com.journeyapps:zxing-android-embedded:4.3.0] AndroidManifest.xml:28:5-30:36
39        android:name="android.hardware.camera.front"
39-->[com.journeyapps:zxing-android-embedded:4.3.0] AndroidManifest.xml:29:9-53
40        android:required="false" /> <!-- TODO replace above two with next line after Android 4.2 -->
40-->[com.journeyapps:zxing-android-embedded:4.3.0] AndroidManifest.xml:30:9-33
41    <!-- <uses-feature android:name="android.hardware.camera.any"/> -->
42    <uses-feature
42-->[com.journeyapps:zxing-android-embedded:4.3.0] AndroidManifest.xml:33:5-35:36
43        android:name="android.hardware.camera.autofocus"
43-->[com.journeyapps:zxing-android-embedded:4.3.0] AndroidManifest.xml:34:9-57
44        android:required="false" />
44-->[com.journeyapps:zxing-android-embedded:4.3.0] AndroidManifest.xml:35:9-33
45    <uses-feature
45-->[com.journeyapps:zxing-android-embedded:4.3.0] AndroidManifest.xml:36:5-38:36
46        android:name="android.hardware.camera.flash"
46-->[com.journeyapps:zxing-android-embedded:4.3.0] AndroidManifest.xml:37:9-53
47        android:required="false" />
47-->[com.journeyapps:zxing-android-embedded:4.3.0] AndroidManifest.xml:38:9-33
48    <uses-feature
48-->[com.journeyapps:zxing-android-embedded:4.3.0] AndroidManifest.xml:39:5-41:36
49        android:name="android.hardware.screen.landscape"
49-->[com.journeyapps:zxing-android-embedded:4.3.0] AndroidManifest.xml:40:9-57
50        android:required="false" />
50-->[com.journeyapps:zxing-android-embedded:4.3.0] AndroidManifest.xml:41:9-33
51    <uses-feature
51-->[com.journeyapps:zxing-android-embedded:4.3.0] AndroidManifest.xml:42:5-44:36
52        android:name="android.hardware.wifi"
52-->[com.journeyapps:zxing-android-embedded:4.3.0] AndroidManifest.xml:43:9-45
53        android:required="false" />
53-->[com.journeyapps:zxing-android-embedded:4.3.0] AndroidManifest.xml:44:9-33
54
55    <application
55-->src/main/AndroidManifest.xml:19:5-150:19
56        android:name="com.eventmanager.app.EventManagerApplication"
56-->src/main/AndroidManifest.xml:20:9-48
57        android:allowBackup="true"
57-->src/main/AndroidManifest.xml:21:9-35
58        android:appComponentFactory="androidx.core.app.CoreComponentFactory"
58-->[androidx.core:core:1.13.1] AndroidManifest.xml:28:18-86
59        android:debuggable="true"
60        android:enableOnBackInvokedCallback="true"
60-->src/main/AndroidManifest.xml:27:9-51
61        android:extractNativeLibs="false"
62        android:icon="@mipmap/ic_launcher"
62-->src/main/AndroidManifest.xml:23:9-43
63        android:label="@string/app_name"
63-->src/main/AndroidManifest.xml:22:9-41
64        android:roundIcon="@mipmap/ic_launcher_round"
64-->src/main/AndroidManifest.xml:24:9-54
65        android:supportsRtl="true"
65-->src/main/AndroidManifest.xml:26:9-35
66        android:testOnly="true"
67        android:theme="@style/Theme.EventManagerApp" >
67-->src/main/AndroidManifest.xml:25:9-53
68        <activity
68-->src/main/AndroidManifest.xml:28:9-34:20
69            android:name="com.eventmanager.app.MainActivity"
69-->src/main/AndroidManifest.xml:29:13-41
70            android:configChanges="orientation|screenSize|keyboardHidden"
70-->src/main/AndroidManifest.xml:32:13-74
71            android:exported="true"
71-->src/main/AndroidManifest.xml:30:13-36
72            android:label="@string/app_name"
72-->src/main/AndroidManifest.xml:31:13-45
73            android:screenOrientation="unspecified" >
73-->src/main/AndroidManifest.xml:33:13-52
74        </activity> <!-- Violet Icon Alias -->
75        <activity-alias
75-->src/main/AndroidManifest.xml:127:9-139:26
76            android:name="com.eventmanager.app.MainActivity.Violet"
76-->src/main/AndroidManifest.xml:128:13-48
77            android:enabled="false"
77-->src/main/AndroidManifest.xml:130:13-36
78            android:exported="true"
78-->src/main/AndroidManifest.xml:134:13-36
79            android:icon="@mipmap/ic_launcher_violet"
79-->src/main/AndroidManifest.xml:131:13-54
80            android:label="@string/app_name"
80-->src/main/AndroidManifest.xml:133:13-45
81            android:roundIcon="@mipmap/ic_launcher_round_violet"
81-->src/main/AndroidManifest.xml:132:13-65
82            android:targetActivity="com.eventmanager.app.MainActivity" >
82-->src/main/AndroidManifest.xml:129:13-51
83            <intent-filter>
83-->src/main/AndroidManifest.xml:45:13-48:29
84                <action android:name="android.intent.action.MAIN" />
84-->src/main/AndroidManifest.xml:46:17-69
84-->src/main/AndroidManifest.xml:46:25-66
85
86                <category android:name="android.intent.category.LAUNCHER" />
86-->src/main/AndroidManifest.xml:47:17-77
86-->src/main/AndroidManifest.xml:47:27-74
87            </intent-filter>
88        </activity-alias> <!-- Purple Icon Alias -->
89        <activity-alias
89-->src/main/AndroidManifest.xml:112:9-124:26
90            android:name="com.eventmanager.app.MainActivity.Purple"
90-->src/main/AndroidManifest.xml:113:13-48
91            android:enabled="false"
91-->src/main/AndroidManifest.xml:115:13-36
92            android:exported="true"
92-->src/main/AndroidManifest.xml:119:13-36
93            android:icon="@mipmap/ic_launcher_purple"
93-->src/main/AndroidManifest.xml:116:13-54
94            android:label="@string/app_name"
94-->src/main/AndroidManifest.xml:118:13-45
95            android:roundIcon="@mipmap/ic_launcher_round_purple"
95-->src/main/AndroidManifest.xml:117:13-65
96            android:targetActivity="com.eventmanager.app.MainActivity" >
96-->src/main/AndroidManifest.xml:114:13-51
97            <intent-filter>
97-->src/main/AndroidManifest.xml:45:13-48:29
98                <action android:name="android.intent.action.MAIN" />
98-->src/main/AndroidManifest.xml:46:17-69
98-->src/main/AndroidManifest.xml:46:25-66
99
100                <category android:name="android.intent.category.LAUNCHER" />
100-->src/main/AndroidManifest.xml:47:17-77
100-->src/main/AndroidManifest.xml:47:27-74
101            </intent-filter>
102        </activity-alias> <!-- Braun Icon Alias -->
103        <activity-alias
103-->src/main/AndroidManifest.xml:97:9-109:26
104            android:name="com.eventmanager.app.MainActivity.Braun"
104-->src/main/AndroidManifest.xml:98:13-47
105            android:enabled="false"
105-->src/main/AndroidManifest.xml:100:13-36
106            android:exported="true"
106-->src/main/AndroidManifest.xml:104:13-36
107            android:icon="@mipmap/ic_launcher_braun"
107-->src/main/AndroidManifest.xml:101:13-53
108            android:label="@string/app_name"
108-->src/main/AndroidManifest.xml:103:13-45
109            android:roundIcon="@mipmap/ic_launcher_round_braun"
109-->src/main/AndroidManifest.xml:102:13-64
110            android:targetActivity="com.eventmanager.app.MainActivity" >
110-->src/main/AndroidManifest.xml:99:13-51
111            <intent-filter>
111-->src/main/AndroidManifest.xml:45:13-48:29
112                <action android:name="android.intent.action.MAIN" />
112-->src/main/AndroidManifest.xml:46:17-69
112-->src/main/AndroidManifest.xml:46:25-66
113
114                <category android:name="android.intent.category.LAUNCHER" />
114-->src/main/AndroidManifest.xml:47:17-77
114-->src/main/AndroidManifest.xml:47:27-74
115            </intent-filter>
116        </activity-alias> <!-- Blue Ocean Icon Alias -->
117        <activity-alias
117-->src/main/AndroidManifest.xml:82:9-94:26
118            android:name="com.eventmanager.app.MainActivity.BlueOcean"
118-->src/main/AndroidManifest.xml:83:13-51
119            android:enabled="false"
119-->src/main/AndroidManifest.xml:85:13-36
120            android:exported="true"
120-->src/main/AndroidManifest.xml:89:13-36
121            android:icon="@mipmap/ic_launcher_blue_ocean"
121-->src/main/AndroidManifest.xml:86:13-58
122            android:label="@string/app_name"
122-->src/main/AndroidManifest.xml:88:13-45
123            android:roundIcon="@mipmap/ic_launcher_round_blue_ocean"
123-->src/main/AndroidManifest.xml:87:13-69
124            android:targetActivity="com.eventmanager.app.MainActivity" >
124-->src/main/AndroidManifest.xml:84:13-51
125            <intent-filter>
125-->src/main/AndroidManifest.xml:45:13-48:29
126                <action android:name="android.intent.action.MAIN" />
126-->src/main/AndroidManifest.xml:46:17-69
126-->src/main/AndroidManifest.xml:46:25-66
127
128                <category android:name="android.intent.category.LAUNCHER" />
128-->src/main/AndroidManifest.xml:47:17-77
128-->src/main/AndroidManifest.xml:47:27-74
129            </intent-filter>
130        </activity-alias> <!-- Deep Blue Icon Alias -->
131        <activity-alias
131-->src/main/AndroidManifest.xml:67:9-79:26
132            android:name="com.eventmanager.app.MainActivity.DeepBlue"
132-->src/main/AndroidManifest.xml:68:13-50
133            android:enabled="false"
133-->src/main/AndroidManifest.xml:70:13-36
134            android:exported="true"
134-->src/main/AndroidManifest.xml:74:13-36
135            android:icon="@mipmap/ic_launcher_deep_blue"
135-->src/main/AndroidManifest.xml:71:13-57
136            android:label="@string/app_name"
136-->src/main/AndroidManifest.xml:73:13-45
137            android:roundIcon="@mipmap/ic_launcher_round_deep_blue"
137-->src/main/AndroidManifest.xml:72:13-68
138            android:targetActivity="com.eventmanager.app.MainActivity" >
138-->src/main/AndroidManifest.xml:69:13-51
139            <intent-filter>
139-->src/main/AndroidManifest.xml:45:13-48:29
140                <action android:name="android.intent.action.MAIN" />
140-->src/main/AndroidManifest.xml:46:17-69
140-->src/main/AndroidManifest.xml:46:25-66
141
142                <category android:name="android.intent.category.LAUNCHER" />
142-->src/main/AndroidManifest.xml:47:17-77
142-->src/main/AndroidManifest.xml:47:27-74
143            </intent-filter>
144        </activity-alias> <!-- Dark Icon Alias -->
145        <activity-alias
145-->src/main/AndroidManifest.xml:52:9-64:26
146            android:name="com.eventmanager.app.MainActivity.Dark"
146-->src/main/AndroidManifest.xml:53:13-46
147            android:enabled="false"
147-->src/main/AndroidManifest.xml:55:13-36
148            android:exported="true"
148-->src/main/AndroidManifest.xml:59:13-36
149            android:icon="@mipmap/ic_launcher_dark"
149-->src/main/AndroidManifest.xml:56:13-52
150            android:label="@string/app_name"
150-->src/main/AndroidManifest.xml:58:13-45
151            android:roundIcon="@mipmap/ic_launcher_round_dark"
151-->src/main/AndroidManifest.xml:57:13-63
152            android:targetActivity="com.eventmanager.app.MainActivity" >
152-->src/main/AndroidManifest.xml:54:13-51
153            <intent-filter>
153-->src/main/AndroidManifest.xml:45:13-48:29
154                <action android:name="android.intent.action.MAIN" />
154-->src/main/AndroidManifest.xml:46:17-69
154-->src/main/AndroidManifest.xml:46:25-66
155
156                <category android:name="android.intent.category.LAUNCHER" />
156-->src/main/AndroidManifest.xml:47:17-77
156-->src/main/AndroidManifest.xml:47:27-74
157            </intent-filter>
158        </activity-alias> <!-- Light Icon Alias (Default) -->
159        <activity-alias
159-->src/main/AndroidManifest.xml:37:9-49:26
160            android:name="com.eventmanager.app.MainActivity.Light"
160-->src/main/AndroidManifest.xml:38:13-47
161            android:enabled="true"
161-->src/main/AndroidManifest.xml:40:13-35
162            android:exported="true"
162-->src/main/AndroidManifest.xml:44:13-36
163            android:icon="@mipmap/ic_launcher"
163-->src/main/AndroidManifest.xml:41:13-47
164            android:label="@string/app_name"
164-->src/main/AndroidManifest.xml:43:13-45
165            android:roundIcon="@mipmap/ic_launcher_round"
165-->src/main/AndroidManifest.xml:42:13-58
166            android:targetActivity="com.eventmanager.app.MainActivity" >
166-->src/main/AndroidManifest.xml:39:13-51
167            <intent-filter>
167-->src/main/AndroidManifest.xml:45:13-48:29
168                <action android:name="android.intent.action.MAIN" />
168-->src/main/AndroidManifest.xml:46:17-69
168-->src/main/AndroidManifest.xml:46:25-66
169
170                <category android:name="android.intent.category.LAUNCHER" />
170-->src/main/AndroidManifest.xml:47:17-77
170-->src/main/AndroidManifest.xml:47:27-74
171            </intent-filter>
172        </activity-alias>
173
174        <provider
175            android:name="androidx.core.content.FileProvider"
175-->src/main/AndroidManifest.xml:142:13-62
176            android:authorities="com.eventmanager.app.fileprovider"
176-->src/main/AndroidManifest.xml:143:13-64
177            android:exported="false"
177-->src/main/AndroidManifest.xml:144:13-37
178            android:grantUriPermissions="true" >
178-->src/main/AndroidManifest.xml:145:13-47
179            <meta-data
179-->src/main/AndroidManifest.xml:146:13-148:54
180                android:name="android.support.FILE_PROVIDER_PATHS"
180-->src/main/AndroidManifest.xml:147:17-67
181                android:resource="@xml/file_paths" />
181-->src/main/AndroidManifest.xml:148:17-51
182        </provider>
183
184        <activity
184-->[com.google.android.gms:play-services-auth:20.7.0] AndroidManifest.xml:23:9-27:75
185            android:name="com.google.android.gms.auth.api.signin.internal.SignInHubActivity"
185-->[com.google.android.gms:play-services-auth:20.7.0] AndroidManifest.xml:24:13-93
186            android:excludeFromRecents="true"
186-->[com.google.android.gms:play-services-auth:20.7.0] AndroidManifest.xml:25:13-46
187            android:exported="false"
187-->[com.google.android.gms:play-services-auth:20.7.0] AndroidManifest.xml:26:13-37
188            android:theme="@android:style/Theme.Translucent.NoTitleBar" />
188-->[com.google.android.gms:play-services-auth:20.7.0] AndroidManifest.xml:27:13-72
189        <!--
190            Service handling Google Sign-In user revocation. For apps that do not integrate with
191            Google Sign-In, this service will never be started.
192        -->
193        <service
193-->[com.google.android.gms:play-services-auth:20.7.0] AndroidManifest.xml:33:9-37:51
194            android:name="com.google.android.gms.auth.api.signin.RevocationBoundService"
194-->[com.google.android.gms:play-services-auth:20.7.0] AndroidManifest.xml:34:13-89
195            android:exported="true"
195-->[com.google.android.gms:play-services-auth:20.7.0] AndroidManifest.xml:35:13-36
196            android:permission="com.google.android.gms.auth.api.signin.permission.REVOCATION_NOTIFICATION"
196-->[com.google.android.gms:play-services-auth:20.7.0] AndroidManifest.xml:36:13-107
197            android:visibleToInstantApps="true" />
197-->[com.google.android.gms:play-services-auth:20.7.0] AndroidManifest.xml:37:13-48
198
199        <activity
199-->[com.google.android.gms:play-services-base:18.0.1] AndroidManifest.xml:20:9-22:45
200            android:name="com.google.android.gms.common.api.GoogleApiActivity"
200-->[com.google.android.gms:play-services-base:18.0.1] AndroidManifest.xml:20:19-85
201            android:exported="false"
201-->[com.google.android.gms:play-services-base:18.0.1] AndroidManifest.xml:22:19-43
202            android:theme="@android:style/Theme.Translucent.NoTitleBar" />
202-->[com.google.android.gms:play-services-base:18.0.1] AndroidManifest.xml:21:19-78
203
204        <meta-data
204-->[com.google.android.gms:play-services-basement:18.2.0] AndroidManifest.xml:21:9-23:69
205            android:name="com.google.android.gms.version"
205-->[com.google.android.gms:play-services-basement:18.2.0] AndroidManifest.xml:22:13-58
206            android:value="@integer/google_play_services_version" />
206-->[com.google.android.gms:play-services-basement:18.2.0] AndroidManifest.xml:23:13-66
207
208        <activity
208-->[androidx.compose.ui:ui-tooling-android:1.6.7] AndroidManifest.xml:23:9-25:39
209            android:name="androidx.compose.ui.tooling.PreviewActivity"
209-->[androidx.compose.ui:ui-tooling-android:1.6.7] AndroidManifest.xml:24:13-71
210            android:exported="true" />
210-->[androidx.compose.ui:ui-tooling-android:1.6.7] AndroidManifest.xml:25:13-36
211        <activity
211-->[androidx.compose.ui:ui-test-manifest:1.6.7] AndroidManifest.xml:23:9-25:39
212            android:name="androidx.activity.ComponentActivity"
212-->[androidx.compose.ui:ui-test-manifest:1.6.7] AndroidManifest.xml:24:13-63
213            android:exported="true" />
213-->[androidx.compose.ui:ui-test-manifest:1.6.7] AndroidManifest.xml:25:13-36
214
215        <provider
215-->[androidx.work:work-runtime:2.9.0] AndroidManifest.xml:29:9-37:20
216            android:name="androidx.startup.InitializationProvider"
216-->[androidx.work:work-runtime:2.9.0] AndroidManifest.xml:30:13-67
217            android:authorities="com.eventmanager.app.androidx-startup"
217-->[androidx.work:work-runtime:2.9.0] AndroidManifest.xml:31:13-68
218            android:exported="false" >
218-->[androidx.work:work-runtime:2.9.0] AndroidManifest.xml:32:13-37
219            <meta-data
219-->[androidx.work:work-runtime:2.9.0] AndroidManifest.xml:34:13-36:52
220                android:name="androidx.work.WorkManagerInitializer"
220-->[androidx.work:work-runtime:2.9.0] AndroidManifest.xml:35:17-68
221                android:value="androidx.startup" />
221-->[androidx.work:work-runtime:2.9.0] AndroidManifest.xml:36:17-49
222            <meta-data
222-->[androidx.emoji2:emoji2:1.3.0] AndroidManifest.xml:29:13-31:52
223                android:name="androidx.emoji2.text.EmojiCompatInitializer"
223-->[androidx.emoji2:emoji2:1.3.0] AndroidManifest.xml:30:17-75
224                android:value="androidx.startup" />
224-->[androidx.emoji2:emoji2:1.3.0] AndroidManifest.xml:31:17-49
225            <meta-data
225-->[androidx.lifecycle:lifecycle-process:2.7.0] AndroidManifest.xml:29:13-31:52
226                android:name="androidx.lifecycle.ProcessLifecycleInitializer"
226-->[androidx.lifecycle:lifecycle-process:2.7.0] AndroidManifest.xml:30:17-78
227                android:value="androidx.startup" />
227-->[androidx.lifecycle:lifecycle-process:2.7.0] AndroidManifest.xml:31:17-49
228            <meta-data
228-->[androidx.profileinstaller:profileinstaller:1.3.1] AndroidManifest.xml:29:13-31:52
229                android:name="androidx.profileinstaller.ProfileInstallerInitializer"
229-->[androidx.profileinstaller:profileinstaller:1.3.1] AndroidManifest.xml:30:17-85
230                android:value="androidx.startup" />
230-->[androidx.profileinstaller:profileinstaller:1.3.1] AndroidManifest.xml:31:17-49
231        </provider>
232
233        <service
233-->[androidx.work:work-runtime:2.9.0] AndroidManifest.xml:39:9-45:35
234            android:name="androidx.work.impl.background.systemalarm.SystemAlarmService"
234-->[androidx.work:work-runtime:2.9.0] AndroidManifest.xml:40:13-88
235            android:directBootAware="false"
235-->[androidx.work:work-runtime:2.9.0] AndroidManifest.xml:41:13-44
236            android:enabled="@bool/enable_system_alarm_service_default"
236-->[androidx.work:work-runtime:2.9.0] AndroidManifest.xml:42:13-72
237            android:exported="false" />
237-->[androidx.work:work-runtime:2.9.0] AndroidManifest.xml:43:13-37
238        <service
238-->[androidx.work:work-runtime:2.9.0] AndroidManifest.xml:46:9-52:35
239            android:name="androidx.work.impl.background.systemjob.SystemJobService"
239-->[androidx.work:work-runtime:2.9.0] AndroidManifest.xml:47:13-84
240            android:directBootAware="false"
240-->[androidx.work:work-runtime:2.9.0] AndroidManifest.xml:48:13-44
241            android:enabled="@bool/enable_system_job_service_default"
241-->[androidx.work:work-runtime:2.9.0] AndroidManifest.xml:49:13-70
242            android:exported="true"
242-->[androidx.work:work-runtime:2.9.0] AndroidManifest.xml:50:13-36
243            android:permission="android.permission.BIND_JOB_SERVICE" />
243-->[androidx.work:work-runtime:2.9.0] AndroidManifest.xml:51:13-69
244        <service
244-->[androidx.work:work-runtime:2.9.0] AndroidManifest.xml:53:9-59:35
245            android:name="androidx.work.impl.foreground.SystemForegroundService"
245-->[androidx.work:work-runtime:2.9.0] AndroidManifest.xml:54:13-81
246            android:directBootAware="false"
246-->[androidx.work:work-runtime:2.9.0] AndroidManifest.xml:55:13-44
247            android:enabled="@bool/enable_system_foreground_service_default"
247-->[androidx.work:work-runtime:2.9.0] AndroidManifest.xml:56:13-77
248            android:exported="false" />
248-->[androidx.work:work-runtime:2.9.0] AndroidManifest.xml:57:13-37
249
250        <receiver
250-->[androidx.work:work-runtime:2.9.0] AndroidManifest.xml:61:9-66:35
251            android:name="androidx.work.impl.utils.ForceStopRunnable$BroadcastReceiver"
251-->[androidx.work:work-runtime:2.9.0] AndroidManifest.xml:62:13-88
252            android:directBootAware="false"
252-->[androidx.work:work-runtime:2.9.0] AndroidManifest.xml:63:13-44
253            android:enabled="true"
253-->[androidx.work:work-runtime:2.9.0] AndroidManifest.xml:64:13-35
254            android:exported="false" />
254-->[androidx.work:work-runtime:2.9.0] AndroidManifest.xml:65:13-37
255        <receiver
255-->[androidx.work:work-runtime:2.9.0] AndroidManifest.xml:67:9-77:20
256            android:name="androidx.work.impl.background.systemalarm.ConstraintProxy$BatteryChargingProxy"
256-->[androidx.work:work-runtime:2.9.0] AndroidManifest.xml:68:13-106
257            android:directBootAware="false"
257-->[androidx.work:work-runtime:2.9.0] AndroidManifest.xml:69:13-44
258            android:enabled="false"
258-->[androidx.work:work-runtime:2.9.0] AndroidManifest.xml:70:13-36
259            android:exported="false" >
259-->[androidx.work:work-runtime:2.9.0] AndroidManifest.xml:71:13-37
260            <intent-filter>
260-->[androidx.work:work-runtime:2.9.0] AndroidManifest.xml:73:13-76:29
261                <action android:name="android.intent.action.ACTION_POWER_CONNECTED" />
261-->[androidx.work:work-runtime:2.9.0] AndroidManifest.xml:74:17-87
261-->[androidx.work:work-runtime:2.9.0] AndroidManifest.xml:74:25-84
262                <action android:name="android.intent.action.ACTION_POWER_DISCONNECTED" />
262-->[androidx.work:work-runtime:2.9.0] AndroidManifest.xml:75:17-90
262-->[androidx.work:work-runtime:2.9.0] AndroidManifest.xml:75:25-87
263            </intent-filter>
264        </receiver>
265        <receiver
265-->[androidx.work:work-runtime:2.9.0] AndroidManifest.xml:78:9-88:20
266            android:name="androidx.work.impl.background.systemalarm.ConstraintProxy$BatteryNotLowProxy"
266-->[androidx.work:work-runtime:2.9.0] AndroidManifest.xml:79:13-104
267            android:directBootAware="false"
267-->[androidx.work:work-runtime:2.9.0] AndroidManifest.xml:80:13-44
268            android:enabled="false"
268-->[androidx.work:work-runtime:2.9.0] AndroidManifest.xml:81:13-36
269            android:exported="false" >
269-->[androidx.work:work-runtime:2.9.0] AndroidManifest.xml:82:13-37
270            <intent-filter>
270-->[androidx.work:work-runtime:2.9.0] AndroidManifest.xml:84:13-87:29
271                <action android:name="android.intent.action.BATTERY_OKAY" />
271-->[androidx.work:work-runtime:2.9.0] AndroidManifest.xml:85:17-77
271-->[androidx.work:work-runtime:2.9.0] AndroidManifest.xml:85:25-74
272                <action android:name="android.intent.action.BATTERY_LOW" />
272-->[androidx.work:work-runtime:2.9.0] AndroidManifest.xml:86:17-76
272-->[androidx.work:work-runtime:2.9.0] AndroidManifest.xml:86:25-73
273            </intent-filter>
274        </receiver>
275        <receiver
275-->[androidx.work:work-runtime:2.9.0] AndroidManifest.xml:89:9-99:20
276            android:name="androidx.work.impl.background.systemalarm.ConstraintProxy$StorageNotLowProxy"
276-->[androidx.work:work-runtime:2.9.0] AndroidManifest.xml:90:13-104
277            android:directBootAware="false"
277-->[androidx.work:work-runtime:2.9.0] AndroidManifest.xml:91:13-44
278            android:enabled="false"
278-->[androidx.work:work-runtime:2.9.0] AndroidManifest.xml:92:13-36
279            android:exported="false" >
279-->[androidx.work:work-runtime:2.9.0] AndroidManifest.xml:93:13-37
280            <intent-filter>
280-->[androidx.work:work-runtime:2.9.0] AndroidManifest.xml:95:13-98:29
281                <action android:name="android.intent.action.DEVICE_STORAGE_LOW" />
281-->[androidx.work:work-runtime:2.9.0] AndroidManifest.xml:96:17-83
281-->[androidx.work:work-runtime:2.9.0] AndroidManifest.xml:96:25-80
282                <action android:name="android.intent.action.DEVICE_STORAGE_OK" />
282-->[androidx.work:work-runtime:2.9.0] AndroidManifest.xml:97:17-82
282-->[androidx.work:work-runtime:2.9.0] AndroidManifest.xml:97:25-79
283            </intent-filter>
284        </receiver>
285        <receiver
285-->[androidx.work:work-runtime:2.9.0] AndroidManifest.xml:100:9-109:20
286            android:name="androidx.work.impl.background.systemalarm.ConstraintProxy$NetworkStateProxy"
286-->[androidx.work:work-runtime:2.9.0] AndroidManifest.xml:101:13-103
287            android:directBootAware="false"
287-->[androidx.work:work-runtime:2.9.0] AndroidManifest.xml:102:13-44
288            android:enabled="false"
288-->[androidx.work:work-runtime:2.9.0] AndroidManifest.xml:103:13-36
289            android:exported="false" >
289-->[androidx.work:work-runtime:2.9.0] AndroidManifest.xml:104:13-37
290            <intent-filter>
290-->[androidx.work:work-runtime:2.9.0] AndroidManifest.xml:106:13-108:29
291                <action android:name="android.net.conn.CONNECTIVITY_CHANGE" />
291-->[androidx.work:work-runtime:2.9.0] AndroidManifest.xml:107:17-79
291-->[androidx.work:work-runtime:2.9.0] AndroidManifest.xml:107:25-76
292            </intent-filter>
293        </receiver>
294        <receiver
294-->[androidx.work:work-runtime:2.9.0] AndroidManifest.xml:110:9-121:20
295            android:name="androidx.work.impl.background.systemalarm.RescheduleReceiver"
295-->[androidx.work:work-runtime:2.9.0] AndroidManifest.xml:111:13-88
296            android:directBootAware="false"
296-->[androidx.work:work-runtime:2.9.0] AndroidManifest.xml:112:13-44